Version MSBuild 17.14.40+3e7442088 pour .NET Framework

  Checking File Globs
  Deploying all assets to common binary directory
  Jolt.vcxproj -> C:\dev\bb3d\build\_deps\jolt-build\Debug\Jolt.lib
  SDL_uclibc.vcxproj -> C:\dev\bb3d\build\_deps\sdl-build\Debug\SDL_uclibc.lib
  SDL3-shared.vcxproj -> C:\dev\bb3d\build\bin\SDL3.dll
  fastgltf.vcxproj -> C:\dev\bb3d\build\_deps\fastgltf-build\Debug\fastgltf.lib
  freetype.vcxproj -> C:\dev\bb3d\build\_deps\freetype-build\Debug\freetyped.lib
  glm.vcxproj -> C:\dev\bb3d\build\_deps\glm-build\glm\Debug\glm.lib
  spdlog.vcxproj -> C:\dev\bb3d\build\_deps\spdlog-build\Debug\spdlogd.lib
  ImGuiLayer.cpp
C:\dev\bb3d\src\bb3d\core\ImGuiLayer.cpp(506,5): error C2065: 'i'â”¬Ăˇ: identificateur non dâ”śÂ®clarâ”śÂ® [C:\dev\bb3d\build\biobazard3d.vcxproj]
C:\dev\bb3d\src\bb3d\core\ImGuiLayer.cpp(506,14): error C2146: erreur de syntaxeâ”¬Ăˇ: absence de ';' avant l'identificateur 'drawComponentList' [C:\dev\bb3d\build\biobazard3d.vcxproj]
C:\dev\bb3d\src\bb3d\core\ImGuiLayer.cpp(508,26): error C2653: 'mGui'â”¬Ăˇ: n'est pas un nom de classe ni d'espace de noms [C:\dev\bb3d\build\biobazard3d.vcxproj]
C:\dev\bb3d\src\bb3d\core\ImGuiLayer.cpp(508,32): error C3861: 'TreePop'â”¬Ăˇ: identificateur introuvable [C:\dev\bb3d\build\biobazard3d.vcxproj]
C:\dev\bb3d\src\bb3d\core\ImGuiLayer.cpp(511,5): error C2059: erreur de syntaxeâ”¬Ăˇ: 'if' [C:\dev\bb3d\build\biobazard3d.vcxproj]
C:\dev\bb3d\src\bb3d\core\ImGuiLayer.cpp(511,60): error C2143: erreur de syntaxeâ”¬Ăˇ: absence de ';' avant '{' [C:\dev\bb3d\build\biobazard3d.vcxproj]
C:\dev\bb3d\src\bb3d\core\ImGuiLayer.cpp(511,60): error C2447: '{'â”¬Ăˇ: en-tâ”śÂ¬te de fonction manquant (liste formelle â”śĂˇ l'ancien formatâ”¬Ăˇ?) [C:\dev\bb3d\build\biobazard3d.vcxproj]
C:\dev\bb3d\src\bb3d\core\ImGuiLayer.cpp(518,12): error C4430: spâ”śÂ®cificateur de type manquant - int est pris en compte par dâ”śÂ®faut. Remarqueâ”¬Ăˇ: C++ ne prend pas en charge int par dâ”śÂ®faut [C:\dev\bb3d\build\biobazard3d.vcxproj]
C:\dev\bb3d\src\bb3d\core\ImGuiLayer.cpp(518,12): error C2556: 'int PopID(void)' : la fonction surchargâ”śÂ®e ne diffâ”śÂżre que par le type de retour de 'void ImGui::PopID(void)' [C:\dev\bb3d\build\biobazard3d.vcxproj]
      C:\dev\bb3d\build\_deps\imgui-src\imgui.h(535,29):
      voir la dâ”śÂ®claration de 'ImGui::PopID'
  
C:\dev\bb3d\src\bb3d\core\ImGuiLayer.cpp(518,12): error C2371: 'ImGui::PopID'â”¬Ăˇ: redâ”śÂ®finitionâ”¬Ăˇ; types de base diffâ”śÂ®rents [C:\dev\bb3d\build\biobazard3d.vcxproj]
      C:\dev\bb3d\build\_deps\imgui-src\imgui.h(535,29):
      voir la dâ”śÂ®claration de 'ImGui::PopID'
  
C:\dev\bb3d\src\bb3d\core\ImGuiLayer.cpp(521,6): error C2653: 'ImGuiLayer'â”¬Ăˇ: n'est pas un nom de classe ni d'espace de noms [C:\dev\bb3d\build\biobazard3d.vcxproj]
C:\dev\bb3d\src\bb3d\core\ImGuiLayer.cpp(521,18): error C2182: â”¬Â˝ showSceneSettings â”¬â•— : cette utilisation de â”¬Â˝ void â”¬â•— nĂ”Ă‡Ă–est pas valide [C:\dev\bb3d\build\biobazard3d.vcxproj]
C:\dev\bb3d\src\bb3d\core\ImGuiLayer.cpp(521,36): error C2065: 'Scene'â”¬Ăˇ: identificateur non dâ”śÂ®clarâ”śÂ® [C:\dev\bb3d\build\biobazard3d.vcxproj]
C:\dev\bb3d\src\bb3d\core\ImGuiLayer.cpp(521,43): error C2065: 'scene'â”¬Ăˇ: identificateur non dâ”śÂ®clarâ”śÂ® [C:\dev\bb3d\build\biobazard3d.vcxproj]
C:\dev\bb3d\src\bb3d\core\ImGuiLayer.cpp(521,50): error C2143: erreur de syntaxeâ”¬Ăˇ: absence de ';' avant '{' [C:\dev\bb3d\build\biobazard3d.vcxproj]
C:\dev\bb3d\src\bb3d\core\ImGuiLayer.cpp(522,12): error C4430: spâ”śÂ®cificateur de type manquant - int est pris en compte par dâ”śÂ®faut. Remarqueâ”¬Ăˇ: C++ ne prend pas en charge int par dâ”śÂ®faut [C:\dev\bb3d\build\biobazard3d.vcxproj]
C:\dev\bb3d\src\bb3d\core\ImGuiLayer.cpp(522,12): error C2365: 'ImGui::Begin'â”¬Ăˇ: redâ”śÂ®finitionâ”¬Ăˇ; la prâ”śÂ®câ”śÂ®dente dâ”śÂ®finition â”śÂ®tait 'fonction' [C:\dev\bb3d\build\biobazard3d.vcxproj]
      C:\dev\bb3d\build\_deps\imgui-src\imgui.h(377,29):
      voir la dâ”śÂ®claration de 'ImGui::Begin'
  
C:\dev\bb3d\src\bb3d\core\ImGuiLayer.cpp(524,5): error C2059: erreur de syntaxeâ”¬Ăˇ: 'if' [C:\dev\bb3d\build\biobazard3d.vcxproj]
C:\dev\bb3d\src\bb3d\core\ImGuiLayer.cpp(524,96): error C2143: erreur de syntaxeâ”¬Ăˇ: absence de ';' avant '{' [C:\dev\bb3d\build\biobazard3d.vcxproj]
C:\dev\bb3d\src\bb3d\core\ImGuiLayer.cpp(524,96): error C2447: '{'â”¬Ăˇ: en-tâ”śÂ¬te de fonction manquant (liste formelle â”śĂˇ l'ancien formatâ”¬Ăˇ?) [C:\dev\bb3d\build\biobazard3d.vcxproj]
C:\dev\bb3d\src\bb3d\core\ImGuiLayer.cpp(544,12): error C4430: spâ”śÂ®cificateur de type manquant - int est pris en compte par dâ”śÂ®faut. Remarqueâ”¬Ăˇ: C++ ne prend pas en charge int par dâ”śÂ®faut [C:\dev\bb3d\build\biobazard3d.vcxproj]
C:\dev\bb3d\src\bb3d\core\ImGuiLayer.cpp(544,12): error C2556: 'int Separator(void)' : la fonction surchargâ”śÂ®e ne diffâ”śÂżre que par le type de retour de 'void ImGui::Separator(void)' [C:\dev\bb3d\build\biobazard3d.vcxproj]
      C:\dev\bb3d\build\_deps\imgui-src\imgui.h(505,29):
      voir la dâ”śÂ®claration de 'ImGui::Separator'
  
C:\dev\bb3d\src\bb3d\core\ImGuiLayer.cpp(544,12): error C2371: 'ImGui::Separator'â”¬Ăˇ: redâ”śÂ®finitionâ”¬Ăˇ; types de base diffâ”śÂ®rents [C:\dev\bb3d\build\biobazard3d.vcxproj]
      C:\dev\bb3d\build\_deps\imgui-src\imgui.h(505,29):
      voir la dâ”śÂ®claration de 'ImGui::Separator'
  
C:\dev\bb3d\src\bb3d\core\ImGuiLayer.cpp(546,12): error C4430: spâ”śÂ®cificateur de type manquant - int est pris en compte par dâ”śÂ®faut. Remarqueâ”¬Ăˇ: C++ ne prend pas en charge int par dâ”śÂ®faut [C:\dev\bb3d\build\biobazard3d.vcxproj]
C:\dev\bb3d\src\bb3d\core\ImGuiLayer.cpp(546,12): error C2365: 'ImGui::Checkbox'â”¬Ăˇ: redâ”śÂ®finitionâ”¬Ăˇ; la prâ”śÂ®câ”śÂ®dente dâ”śÂ®finition â”śÂ®tait 'fonction' [C:\dev\bb3d\build\biobazard3d.vcxproj]
      C:\dev\bb3d\build\_deps\imgui-src\imgui.h(564,29):
      voir la dâ”śÂ®claration de 'ImGui::Checkbox'
  
C:\dev\bb3d\src\bb3d\core\ImGuiLayer.cpp(548,12): error C4430: spâ”śÂ®cificateur de type manquant - int est pris en compte par dâ”śÂ®faut. Remarqueâ”¬Ăˇ: C++ ne prend pas en charge int par dâ”śÂ®faut [C:\dev\bb3d\build\biobazard3d.vcxproj]
C:\dev\bb3d\src\bb3d\core\ImGuiLayer.cpp(548,12): error C2365: 'ImGui::Checkbox'â”¬Ăˇ: redâ”śÂ®finitionâ”¬Ăˇ; la prâ”śÂ®câ”śÂ®dente dâ”śÂ®finition â”śÂ®tait 'fonction' [C:\dev\bb3d\build\biobazard3d.vcxproj]
      C:\dev\bb3d\build\_deps\imgui-src\imgui.h(564,29):
      voir la dâ”śÂ®claration de 'ImGui::Checkbox'
  
C:\dev\bb3d\src\bb3d\core\ImGuiLayer.cpp(549,5): error C2059: erreur de syntaxeâ”¬Ăˇ: 'if' [C:\dev\bb3d\build\biobazard3d.vcxproj]
C:\dev\bb3d\src\bb3d\core\ImGuiLayer.cpp(549,35): error C2143: erreur de syntaxeâ”¬Ăˇ: absence de ';' avant '{' [C:\dev\bb3d\build\biobazard3d.vcxproj]
C:\dev\bb3d\src\bb3d\core\ImGuiLayer.cpp(549,35): error C2447: '{'â”¬Ăˇ: en-tâ”śÂ¬te de fonction manquant (liste formelle â”śĂˇ l'ancien formatâ”¬Ăˇ?) [C:\dev\bb3d\build\biobazard3d.vcxproj]
C:\dev\bb3d\src\bb3d\core\ImGuiLayer.cpp(553,12): error C4430: spâ”śÂ®cificateur de type manquant - int est pris en compte par dâ”śÂ®faut. Remarqueâ”¬Ăˇ: C++ ne prend pas en charge int par dâ”śÂ®faut [C:\dev\bb3d\build\biobazard3d.vcxproj]
C:\dev\bb3d\src\bb3d\core\ImGuiLayer.cpp(553,12): error C2556: 'int Separator(void)' : la fonction surchargâ”śÂ®e ne diffâ”śÂżre que par le type de retour de 'void ImGui::Separator(void)' [C:\dev\bb3d\build\biobazard3d.vcxproj]
      C:\dev\bb3d\build\_deps\imgui-src\imgui.h(505,29):
      voir la dâ”śÂ®claration de 'ImGui::Separator'
  
C:\dev\bb3d\src\bb3d\core\ImGuiLayer.cpp(553,12): error C2371: 'ImGui::Separator'â”¬Ăˇ: redâ”śÂ®finitionâ”¬Ăˇ; types de base diffâ”śÂ®rents [C:\dev\bb3d\build\biobazard3d.vcxproj]
      C:\dev\bb3d\build\_deps\imgui-src\imgui.h(505,29):
      voir la dâ”śÂ®claration de 'ImGui::Separator'
  
C:\dev\bb3d\src\bb3d\core\ImGuiLayer.cpp(554,5): error C2059: erreur de syntaxeâ”¬Ăˇ: 'if' [C:\dev\bb3d\build\biobazard3d.vcxproj]
C:\dev\bb3d\src\bb3d\core\ImGuiLayer.cpp(554,112): error C2143: erreur de syntaxeâ”¬Ăˇ: absence de ';' avant '{' [C:\dev\bb3d\build\biobazard3d.vcxproj]
C:\dev\bb3d\src\bb3d\core\ImGuiLayer.cpp(554,112): error C2447: '{'â”¬Ăˇ: en-tâ”śÂ¬te de fonction manquant (liste formelle â”śĂˇ l'ancien formatâ”¬Ăˇ?) [C:\dev\bb3d\build\biobazard3d.vcxproj]
C:\dev\bb3d\src\bb3d\core\ImGuiLayer.cpp(568,12): error C4430: spâ”śÂ®cificateur de type manquant - int est pris en compte par dâ”śÂ®faut. Remarqueâ”¬Ăˇ: C++ ne prend pas en charge int par dâ”śÂ®faut [C:\dev\bb3d\build\biobazard3d.vcxproj]
C:\dev\bb3d\src\bb3d\core\ImGuiLayer.cpp(568,12): error C2556: 'int End(void)' : la fonction surchargâ”śÂ®e ne diffâ”śÂżre que par le type de retour de 'void ImGui::End(void)' [C:\dev\bb3d\build\biobazard3d.vcxproj]
      C:\dev\bb3d\build\_deps\imgui-src\imgui.h(378,29):
      voir la dâ”śÂ®claration de 'ImGui::End'
  
C:\dev\bb3d\src\bb3d\core\ImGuiLayer.cpp(568,12): error C2371: 'ImGui::End'â”¬Ăˇ: redâ”śÂ®finitionâ”¬Ăˇ; types de base diffâ”śÂ®rents [C:\dev\bb3d\build\biobazard3d.vcxproj]
      C:\dev\bb3d\build\_deps\imgui-src\imgui.h(378,29):
      voir la dâ”śÂ®claration de 'ImGui::End'
  
C:\dev\bb3d\src\bb3d\core\ImGuiLayer.cpp(569,1): error C2059: erreur de syntaxeâ”¬Ăˇ: '}' [C:\dev\bb3d\build\biobazard3d.vcxproj]
C:\dev\bb3d\src\bb3d\core\ImGuiLayer.cpp(569,1): error C2143: erreur de syntaxeâ”¬Ăˇ: absence de ';' avant '}' [C:\dev\bb3d\build\biobazard3d.vcxproj]
C:\dev\bb3d\src\bb3d\core\ImGuiLayer.cpp(571,6): error C2653: 'ImGuiLayer'â”¬Ăˇ: n'est pas un nom de classe ni d'espace de noms [C:\dev\bb3d\build\biobazard3d.vcxproj]
C:\dev\bb3d\src\bb3d\core\ImGuiLayer.cpp(571,34): error C2143: erreur de syntaxeâ”¬Ăˇ: absence de ';' avant '{' [C:\dev\bb3d\build\biobazard3d.vcxproj]
C:\dev\bb3d\src\bb3d\core\ImGuiLayer.cpp(571,34): error C2447: '{'â”¬Ăˇ: en-tâ”śÂ¬te de fonction manquant (liste formelle â”śĂˇ l'ancien formatâ”¬Ăˇ?) [C:\dev\bb3d\build\biobazard3d.vcxproj]
C:\dev\bb3d\src\bb3d\core\ImGuiLayer.cpp(1025,6): error C2653: 'ImGuiLayer'â”¬Ăˇ: n'est pas un nom de classe ni d'espace de noms [C:\dev\bb3d\build\biobazard3d.vcxproj]
C:\dev\bb3d\src\bb3d\core\ImGuiLayer.cpp(1028,28): error C2653: 'Engine'â”¬Ăˇ: n'est pas un nom de classe ni d'espace de noms [C:\dev\bb3d\build\biobazard3d.vcxproj]
C:\dev\bb3d\src\bb3d\core\ImGuiLayer.cpp(1028,36): error C3861: 'Get'â”¬Ăˇ: identificateur introuvable [C:\dev\bb3d\build\biobazard3d.vcxproj]
C:\dev\bb3d\src\bb3d\core\ImGuiLayer.cpp(1045,6): error C2653: 'ImGuiLayer'â”¬Ăˇ: n'est pas un nom de classe ni d'espace de noms [C:\dev\bb3d\build\biobazard3d.vcxproj]
C:\dev\bb3d\src\bb3d\core\ImGuiLayer.cpp(1050,24): error C2653: 'Engine'â”¬Ăˇ: n'est pas un nom de classe ni d'espace de noms [C:\dev\bb3d\build\biobazard3d.vcxproj]
C:\dev\bb3d\src\bb3d\core\ImGuiLayer.cpp(1050,32): error C3861: 'Get'â”¬Ăˇ: identificateur introuvable [C:\dev\bb3d\build\biobazard3d.vcxproj]
C:\dev\bb3d\src\bb3d\core\ImGuiLayer.cpp(1084,67): warning C4996: 'localtime': This function or variable may be unsafe. Consider using localtime_s instead. To disable deprecation, use _CRT_SECURE_NO_WARNINGS. See online help for details. [C:\dev\bb3d\build\biobazard3d.vcxproj]
C:\dev\bb3d\src\bb3d\core\ImGuiLayer.cpp(1093,1): error C2059: erreur de syntaxeâ”¬Ăˇ: '}' [C:\dev\bb3d\build\biobazard3d.vcxproj]
C:\dev\bb3d\src\bb3d\core\ImGuiLayer.cpp(1093,1): error C2143: erreur de syntaxeâ”¬Ăˇ: absence de ';' avant '}' [C:\dev\bb3d\build\biobazard3d.vcxproj]
